Arguments: 
  /usr/local/Cellar/node/9.3.0_1/bin/node /usr/local/Cellar/yarn/1.3.2/libexec/bin/yarn.js

PATH: 
  /usr/local/bin:/usr/bin:/bin:/usr/sbin:/sbin

Yarn version: 
  1.3.2

Node version: 
  9.3.0

Platform: 
  darwin x64

npm manifest: 
  {
    "name": "portafolio",
    "version": "1.0.0",
    "description": "This is my portfolio",
    "main": "index.js",
    "scripts": {
      "css": "node-sass --output-style --include-path scss sass/source.scss style.css",
      "watch": "nodemon -e scss -x \"npm run css\""
    },
    "author": "Regulo Leonardi",
    "license": "ISC",
  }

yarn manifest: 
  No manifest

Lockfile: 
  No lockfile

Trace: 
  SyntaxError: /Users/reguloleonardi/WebstormProjects/portafolio/package.json: Unexpected token } in JSON at position 318
      at JSON.parse (<anonymous>)
      at /usr/local/Cellar/yarn/1.3.2/libexec/lib/cli.js:770:59
      at Generator.next (<anonymous>)
      at step (/usr/local/Cellar/yarn/1.3.2/libexec/lib/cli.js:92:30)
      at /usr/local/Cellar/yarn/1.3.2/libexec/lib/cli.js:103:13
      at <anonymous>
